<?xml version="1.0" encoding="utf-8"?><testsuites><testsuite name="pytest" errors="0" failures="0" skipped="0" tests="35" time="1.738" timestamp="2023-01-20T17:54:47.103348" hostname="Abdulrahmans-MacBook-Pro.local"><testcase classname="deals.apps.accounts.tests.test_api_permissions" name="test_is_not_authenticated_permission_false" time="0.315" /><testcase classname="deals.apps.accounts.tests.test_api.test_login_api" name="test_login_api_success" time="0.063" /><testcase classname="deals.apps.accounts.tests.test_api.test_login_api" name="test_login_api_wrong_credentials_failure" time="0.004" /><testcase classname="deals.apps.accounts.tests.test_api.test_login_api" name="test_login_api_already_logged_in_failure" time="0.004" /><testcase classname="deals.apps.accounts.tests.test_api.test_logout_api" name="test_logout_api_success" time="0.003" /><testcase classname="deals.apps.accounts.tests.test_api.test_registration_api" name="test_registration_api_success" time="0.084" /><testcase classname="deals.apps.accounts.tests.test_api.test_user_profile_api" name="test_user_profile_api_get_success" time="0.004" /><testcase classname="deals.apps.accounts.tests.test_api.test_user_profile_api" name="test_user_profile_api_update_success" time="0.006" /><testcase classname="deals.apps.accounts.tests.test_models.test_user_model" name="test_core_queryset_active" time="0.016" /><testcase classname="deals.apps.accounts.tests.test_models.test_user_model" name="test_core_queryset_inactive" time="0.013" /><testcase classname="deals.apps.accounts.tests.test_models.test_user_model" name="test_core_queryset_activate" time="0.022" /><testcase classname="deals.apps.accounts.tests.test_models.test_user_model" name="test_core_queryset_deactivate" time="0.011" /><testcase classname="deals.apps.accounts.tests.test_models.test_user_model" name="test_create_user_success" time="0.135" /><testcase classname="deals.apps.accounts.tests.test_models.test_user_model" name="test_create_user_no_username_failure" time="0.005" /><testcase classname="deals.apps.accounts.tests.test_models.test_user_model" name="test_create_superuser_success" time="0.134" /><testcase classname="deals.apps.accounts.tests.test_models.test_user_model" name="test_create_superuser_no_username_failure" time="0.003" /><testcase classname="deals.apps.accounts.tests.test_models.test_user_model" name="test_get_short_name[jane]" time="0.006" /><testcase classname="deals.apps.accounts.tests.test_models.test_user_model" name="test_get_short_name[john]" time="0.004" /><testcase classname="deals.apps.accounts.tests.test_models.test_user_model" name="test_get_full_name[--jane-jane]" time="0.004" /><testcase classname="deals.apps.accounts.tests.test_models.test_user_model" name="test_get_full_name[-Doe-jane-jane]" time="0.004" /><testcase classname="deals.apps.accounts.tests.test_models.test_user_model" name="test_get_full_name[Jane--jane-jane]" time="0.005" /><testcase classname="deals.apps.accounts.tests.test_models.test_user_model" name="test_notification_salutation[Jane-Doe-Jane Doe]" time="0.005" /><testcase classname="deals.apps.accounts.tests.test_models.test_user_model" name="test_notification_salutation[--Dear client]" time="0.003" /><testcase classname="deals.apps.accounts.tests.test_selectors.test_get_users_selector" name="test_get_all_user_selector" time="0.009" /><testcase classname="deals.apps.accounts.tests.test_serializers.test_login_serializer" name="test_login_serializer_validate_success" time="0.133" /><testcase classname="deals.apps.accounts.tests.test_serializers.test_login_serializer" name="test_login_serializer_validate_failure" time="0.146" /><testcase classname="deals.apps.accounts.tests.test_serializers.test_registration_serializer" name="test_registration_serializer_validate_username_success" time="0.005" /><testcase classname="deals.apps.accounts.tests.test_serializers.test_registration_serializer" name="test_registration_serializer_validate_username_failure" time="0.003" /><testcase classname="deals.apps.accounts.tests.test_serializers.test_registration_serializer" name="test_registration_serializer_save_success" time="0.141" /><testcase classname="deals.apps.accounts.tests.test_services.test_login_service" name="test_login_service_login" time="0.025" /><testcase classname="deals.apps.accounts.tests.test_services.test_login_service" name="test_login_service_logout" time="0.009" /><testcase classname="deals.apps.accounts.tests.test_api_permissions" name="test_is_not_authenticated_permission_true" time="0.001" /><testcase classname="deals.apps.accounts.tests.test_serializers.test_registration_serializer" name="test_registration_serializer_validate_success" time="0.001" /><testcase classname="deals.apps.accounts.tests.test_serializers.test_registration_serializer" name="test_registration_serializer_validate_password_success" time="0.001" /><testcase classname="deals.apps.accounts.tests.test_serializers.test_registration_serializer" name="test_registration_serializer_validate_password_failure" time="0.056" /></testsuite></testsuites>